<?xml version="1.0" encoding="UTF-8"?>
<!-- Generated by org.testng.reporters.JUnitReportReporter -->
<testsuite hostname="MSI" failures="0" tests="1" name="petStoreApiTests.PetStoreApiTest" time="1.316" errors="0" timestamp="2022-12-15T14:04:09 EST" skipped="0">
  <testcase classname="petStoreApiTests.PetStoreApiTest" name="getRequestById" time="1.316"/>
  <system-out/>
</testsuite> <!-- petStoreApiTests.PetStoreApiTest -->
