<?xml version="1.0" encoding="UTF-8"?>
<!-- Generated by org.testng.reporters.JUnitReportReporter -->
<testsuite hostname="MSI" failures="0" tests="1" name="TestExecutions.EcomSignUpEmailFieldValidations" time="2.019" errors="0" timestamp="2022-12-04T20:41:59 EST" skipped="0">
  <testcase classname="TestExecutions.EcomSignUpEmailFieldValidations" name="test1" time="2.019"/>
  <system-out/>
</testsuite> <!-- TestExecutions.EcomSignUpEmailFieldValidations -->
